Using pre-set license
Built from '2020.3/staging' branch; Version is '2020.3.13f1 (71691879b7f5) revision 7432472'; Using compiler version '192528614'; Build Type 'Release'
OS: 'Windows 10 Home; OS build 19044.2364; Version 2009; 64bit' Language: 'ko' Physical Memory: 16333 MB
BatchMode: 1, IsHumanControllingUs: 0, StartBugReporterOnCrash: 0, Is64bit: 1, IsPro: 0

 COMMAND LINE ARGUMENTS:
C:\Program Files\Unity\Hub\Editor\2020.3.13f1\Editor\Unity.exe
-adb2
-batchMode
-noUpm
-name
AssetImportWorker0
-projectPath
D:/programing/Eng_Quiz/English Quiz Game
-logFile
Logs/AssetImportWorker0.log
-srvPort
10008
Successfully changed project path to: D:/programing/Eng_Quiz/English Quiz Game
D:/programing/Eng_Quiz/English Quiz Game
Using Asset Import Pipeline V2.
Refreshing native plugins compatible for Editor in 39.65 ms, found 3 plugins.
Preloading 0 native plugins for Editor in 0.00 ms.
Initialize engine version: 2020.3.13f1 (71691879b7f5)
[Subsystems] Discovering subsystems at path C:/Program Files/Unity/Hub/Editor/2020.3.13f1/Editor/Data/Resources/UnitySubsystems
[Subsystems] Discovering subsystems at path D:/programing/Eng_Quiz/English Quiz Game/Assets
GfxDevice: creating device client; threaded=0
Direct3D:
    Version:  Direct3D 11.0 [level 11.1]
    Renderer: NVIDIA GeForce RTX 2060 (ID=0x1f08)
    Vendor:   
    VRAM:     5980 MB
    Driver:   31.0.15.1694
Initialize mono
Mono path[0] = 'C:/Program Files/Unity/Hub/Editor/2020.3.13f1/Editor/Data/Managed'
Mono path[1] = 'C:/Program Files/Unity/Hub/Editor/2020.3.13f1/Editor/Data/MonoBleedingEdge/lib/mono/unityjit'
Mono config path = 'C:/Program Files/Unity/Hub/Editor/2020.3.13f1/Editor/Data/MonoBleedingEdge/etc'
Using monoOptions --debugger-agent=transport=dt_socket,embedding=1,server=y,suspend=n,address=127.0.0.1:56948
Begin MonoManager ReloadAssembly
Registering precompiled unity dll's ...
Register platform support module: C:/Program Files/Unity/Hub/Editor/2020.3.13f1/Editor/Data/PlaybackEngines/WindowsStandaloneSupport/UnityEditor.WindowsStandalone.Extensions.dll
Registered in 0.003203 seconds.
Native extension for WindowsStandalone target not found
Refreshing native plugins compatible for Editor in 37.44 ms, found 3 plugins.
Preloading 0 native plugins for Editor in 0.00 ms.
Mono: successfully reloaded assembly
- Completed reload, in  1.008 seconds
Platform modules already initialized, skipping
Registering precompiled user dll's ...
Registered in 0.004298 seconds.
Begin MonoManager ReloadAssembly
Native extension for WindowsStandalone target not found
Refreshing native plugins compatible for Editor in 36.94 ms, found 3 plugins.
Preloading 0 native plugins for Editor in 0.00 ms.
Mono: successfully reloaded assembly
- Completed reload, in  1.003 seconds
Platform modules already initialized, skipping
========================================================================
Worker process is ready to serve import requests
Launched and connected shader compiler UnityShaderCompiler.exe after 0.04 seconds
Refreshing native plugins compatible for Editor in 0.52 ms, found 3 plugins.
Preloading 0 native plugins for Editor in 0.00 ms.
Unloading 2136 Unused Serialized files (Serialized files now loaded: 0)
System memory in use before: 96.2 MB.
System memory in use after: 96.1 MB.

Unloading 33 unused Assets to reduce memory usage. Loaded Objects now: 2570.
Total: 2.407600 ms (FindLiveObjects: 0.233200 ms CreateObjectMapping: 0.062700 ms MarkObjects: 1.973900 ms  DeleteObjects: 0.136600 ms)

AssetImportParameters requested are different than current active one (requested -> active):
  custom:framework-win-MediaFoundation: 216162199b28c13a410421893ffa2e32 -> 
  custom:video-decoder-ogg-theora: a1e56fd34408186e4bbccfd4996cb3dc -> 
  custom:container-muxer-webm: aa71ff27fc2769a1b78a27578f13a17b -> 
  custom:container-demuxer-webm: 4f35f7cbe854078d1ac9338744f61a02 -> 
  custom:container-demuxer-ogg: 62fdf1f143b41e24485cea50d1cbac27 -> 
  custom:video-encoder-webm-vp8: eb34c28f22e8b96e1ab97ce403110664 -> 
  custom:video-decoder-webm-vp8: 9c59270c3fd7afecdb556c50c9e8de78 -> 
  custom:audio-decoder-ogg-vorbis: bf7c407c2cedff20999df2af8eb42d56 -> 
  custom:audio-encoder-webm-vorbis: bf7c407c2cedff20999df2af8eb42d56 -> 
========================================================================
Received Import Request.
  path: Assets/Scenes/five.unity
  artifactKey: Guid(6586cd80dfc0e584fbdf9941f983e9d5) Importer(815301076,1909f56bfc062723c751e8b465ee728b)
Start importing Assets/Scenes/five.unity using Guid(6586cd80dfc0e584fbdf9941f983e9d5) Importer(815301076,1909f56bfc062723c751e8b465ee728b)  -> (artifact id: '69505d1eb0540a46758eea22b727dc1b') in 0.012504 seconds 
  Import took 0.015454 seconds .

========================================================================
Received Import Request.
  Time since last request: 1114.851436 seconds.
  path: Assets/Source/five_1.jpg
  artifactKey: Guid(d22d36157e62c8443a47575f8ace669e) Importer(815301076,1909f56bfc062723c751e8b465ee728b)
Start importing Assets/Source/five_1.jpg using Guid(d22d36157e62c8443a47575f8ace669e) Importer(815301076,1909f56bfc062723c751e8b465ee728b)  -> (artifact id: '3f372171c7117aeedec46194359245c8') in 0.121968 seconds 
  Import took 0.126337 seconds .

========================================================================
Received Import Request.
  Time since last request: 0.000255 seconds.
  path: Assets/Source/five_3.jpg
  artifactKey: Guid(deb88daccdaf2db46b971870f7bbf054) Importer(815301076,1909f56bfc062723c751e8b465ee728b)
Start importing Assets/Source/five_3.jpg using Guid(deb88daccdaf2db46b971870f7bbf054) Importer(815301076,1909f56bfc062723c751e8b465ee728b)  -> (artifact id: '5133ad99ad02bfeebf43b50722feb7a5') in 0.022019 seconds 
  Import took 0.025521 seconds .

========================================================================
Received Import Request.
  Time since last request: 0.000318 seconds.
  path: Assets/Source/five_1.jpg
  artifactKey: Guid(d22d36157e62c8443a47575f8ace669e) Importer(815301076,1909f56bfc062723c751e8b465ee728b)
Start importing Assets/Source/five_1.jpg using Guid(d22d36157e62c8443a47575f8ace669e) Importer(815301076,1909f56bfc062723c751e8b465ee728b)  -> (artifact id: '3f372171c7117aeedec46194359245c8') in 0.011041 seconds 
  Import took 0.014239 seconds .

========================================================================
Received Import Request.
  Time since last request: 0.000342 seconds.
  path: Assets/Source/five_2.jpg
  artifactKey: Guid(9d77436019254454e9c4833351a90a8b) Importer(815301076,1909f56bfc062723c751e8b465ee728b)
Start importing Assets/Source/five_2.jpg using Guid(9d77436019254454e9c4833351a90a8b) Importer(815301076,1909f56bfc062723c751e8b465ee728b)  -> (artifact id: '019e0ed4bcb328a4220be892e4611f81') in 0.011617 seconds 
  Import took 0.037090 seconds .

========================================================================
Received Import Request.
  Time since last request: 139.121460 seconds.
  path: Assets/Scenes/one.unity
  artifactKey: Guid(61fb71a0ba609c44fbc72d48368aa05d) Importer(815301076,1909f56bfc062723c751e8b465ee728b)
Start importing Assets/Scenes/one.unity using Guid(61fb71a0ba609c44fbc72d48368aa05d) Importer(815301076,1909f56bfc062723c751e8b465ee728b)  -> (artifact id: 'a538356e6a229a674937303d01062fa3') in 0.004217 seconds 
  Import took 0.085009 seconds .

========================================================================
Received Import Request.
  Time since last request: 37.951637 seconds.
  path: Assets/Scenes/ten.unity
  artifactKey: Guid(9fe4a2cae590e80498f2a047d3c3eedb) Importer(815301076,1909f56bfc062723c751e8b465ee728b)
Start importing Assets/Scenes/ten.unity using Guid(9fe4a2cae590e80498f2a047d3c3eedb) Importer(815301076,1909f56bfc062723c751e8b465ee728b)  -> (artifact id: 'e706a5373045f20ca0bdd3cbcea6b8d6') in 0.003968 seconds 
  Import took 0.010204 seconds .

========================================================================
Received Import Request.
  Time since last request: 10.829229 seconds.
  path: Assets/Scenes/fifty.unity
  artifactKey: Guid(6b0339ba754962e45858237549912dc6) Importer(815301076,1909f56bfc062723c751e8b465ee728b)
Start importing Assets/Scenes/fifty.unity using Guid(6b0339ba754962e45858237549912dc6) Importer(815301076,1909f56bfc062723c751e8b465ee728b)  -> (artifact id: '1ed0a803ecc1e3a017b83d48e618d05a') in 0.004088 seconds 
  Import took 0.008469 seconds .

========================================================================
Received Import Request.
  Time since last request: 416.982943 seconds.
  path: Assets/Source/ten_0.jpg
  artifactKey: Guid(d34fe04221dcd6641a4359dedffe9853) Importer(815301076,1909f56bfc062723c751e8b465ee728b)
Start importing Assets/Source/ten_0.jpg using Guid(d34fe04221dcd6641a4359dedffe9853) Importer(815301076,1909f56bfc062723c751e8b465ee728b)  -> (artifact id: '9038c44b4e2cfd4f2f703d8c9082fafd') in 0.013537 seconds 
  Import took 0.017743 seconds .

========================================================================
Received Import Request.
  Time since last request: 0.000241 seconds.
  path: Assets/Source/ten_4.jpg
  artifactKey: Guid(e795402e2628ed549a0607c0e9b97b69) Importer(815301076,1909f56bfc062723c751e8b465ee728b)
Start importing Assets/Source/ten_4.jpg using Guid(e795402e2628ed549a0607c0e9b97b69) Importer(815301076,1909f56bfc062723c751e8b465ee728b)  -> (artifact id: 'cd7d4208887744e1e89d6198cc8b2193') in 0.026607 seconds 
  Import took 0.030256 seconds .

========================================================================
Received Import Request.
  Time since last request: 0.000262 seconds.
  path: Assets/Source/ten_2.jpg
  artifactKey: Guid(835709129a216d249ae85b99c743fca8) Importer(815301076,1909f56bfc062723c751e8b465ee728b)
Start importing Assets/Source/ten_2.jpg using Guid(835709129a216d249ae85b99c743fca8) Importer(815301076,1909f56bfc062723c751e8b465ee728b)  -> (artifact id: 'ae4bae62e7b301858e59c356f632a507') in 0.012311 seconds 
  Import took 0.016218 seconds .

========================================================================
Received Import Request.
  Time since last request: 0.000246 seconds.
  path: Assets/Source/ten_1.jpg
  artifactKey: Guid(2fffd261b4c88ae469131eba20f45458) Importer(815301076,1909f56bfc062723c751e8b465ee728b)
Start importing Assets/Source/ten_1.jpg using Guid(2fffd261b4c88ae469131eba20f45458) Importer(815301076,1909f56bfc062723c751e8b465ee728b)  -> (artifact id: 'fb8357539f3f19dbd09ffbe3b722b98e') in 0.012515 seconds 
  Import took 0.015388 seconds .

========================================================================
Received Import Request.
  Time since last request: 818.583392 seconds.
  path: Assets/Scripts/UI/Click.cs
  artifactKey: Guid(53e1e5a276070fc4da7b08bf70cd4e1c) Importer(815301076,1909f56bfc062723c751e8b465ee728b)
Start importing Assets/Scripts/UI/Click.cs using Guid(53e1e5a276070fc4da7b08bf70cd4e1c) Importer(815301076,1909f56bfc062723c751e8b465ee728b)  -> (artifact id: 'f16750720e8fe9532bc81f883c5d4cec') in 0.026757 seconds 
  Import took 0.041803 seconds .

========================================================================
Received Import Request.
  Time since last request: 69.311837 seconds.
  path: Assets/Scenes/Lv2.unity
  artifactKey: Guid(8cbce973388a2f8468f7920044d7d203) Importer(815301076,1909f56bfc062723c751e8b465ee728b)
Start importing Assets/Scenes/Lv2.unity using Guid(8cbce973388a2f8468f7920044d7d203) Importer(815301076,1909f56bfc062723c751e8b465ee728b)  -> (artifact id: 'bda97759c0875394439698ce1d462328') in 0.005734 seconds 
  Import took 0.009615 seconds .

========================================================================
Received Import Request.
  Time since last request: 0.512863 seconds.
  path: Assets/Scenes/Lv1.unity
  artifactKey: Guid(15247e2ed8771c147b8f15c9fa83a0d4) Importer(815301076,1909f56bfc062723c751e8b465ee728b)
Start importing Assets/Scenes/Lv1.unity using Guid(15247e2ed8771c147b8f15c9fa83a0d4) Importer(815301076,1909f56bfc062723c751e8b465ee728b)  -> (artifact id: '5b0bbd4b593057d525069913c5c2119e') in 0.004035 seconds 
  Import took 0.007332 seconds .

========================================================================
Received Import Request.
  Time since last request: 9.883079 seconds.
  path: Assets/Scenes/Lv2.unity
  artifactKey: Guid(8cbce973388a2f8468f7920044d7d203) Importer(815301076,1909f56bfc062723c751e8b465ee728b)
Start importing Assets/Scenes/Lv2.unity using Guid(8cbce973388a2f8468f7920044d7d203) Importer(815301076,1909f56bfc062723c751e8b465ee728b)  -> (artifact id: 'ed433e2b3a22b9f96000155463ee3eca') in 0.004039 seconds 
  Import took 0.007257 seconds .

========================================================================
Received Import Request.
  Time since last request: 68.454701 seconds.
  path: Assets/Scenes/ten.unity
  artifactKey: Guid(9fe4a2cae590e80498f2a047d3c3eedb) Importer(815301076,1909f56bfc062723c751e8b465ee728b)
Start importing Assets/Scenes/ten.unity using Guid(9fe4a2cae590e80498f2a047d3c3eedb) Importer(815301076,1909f56bfc062723c751e8b465ee728b)  -> (artifact id: 'eecd5f160932b77610eacc842afd0d87') in 0.003837 seconds 
  Import took 0.007153 seconds .

========================================================================
Received Import Request.
  Time since last request: 1.371175 seconds.
  path: Assets/Scenes/five.unity
  artifactKey: Guid(6586cd80dfc0e584fbdf9941f983e9d5) Importer(815301076,1909f56bfc062723c751e8b465ee728b)
Start importing Assets/Scenes/five.unity using Guid(6586cd80dfc0e584fbdf9941f983e9d5) Importer(815301076,1909f56bfc062723c751e8b465ee728b)  -> (artifact id: '0ae2a34dc043e26edb356de7b10546fe') in 0.004368 seconds 
  Import took 0.007642 seconds .

========================================================================
Received Prepare
Registering precompiled user dll's ...
Registered in 0.005414 seconds.
Begin MonoManager ReloadAssembly
Native extension for WindowsStandalone target not found
Refreshing native plugins compatible for Editor in 0.53 ms, found 3 plugins.
Preloading 0 native plugins for Editor in 0.00 ms.
Mono: successfully reloaded assembly
- Completed reload, in  1.012 seconds
Platform modules already initialized, skipping
Refreshing native plugins compatible for Editor in 0.51 ms, found 3 plugins.
Preloading 0 native plugins for Editor in 0.00 ms.
Unloading 2118 Unused Serialized files (Serialized files now loaded: 0)
System memory in use before: 97.9 MB.
System memory in use after: 97.9 MB.

Unloading 21 unused Assets to reduce memory usage. Loaded Objects now: 2580.
Total: 2.170900 ms (FindLiveObjects: 0.204700 ms CreateObjectMapping: 0.053400 ms MarkObjects: 1.800500 ms  DeleteObjects: 0.111100 ms)

AssetImportParameters requested are different than current active one (requested -> active):
  custom:framework-win-MediaFoundation: 216162199b28c13a410421893ffa2e32 -> 
  custom:video-decoder-ogg-theora: a1e56fd34408186e4bbccfd4996cb3dc -> 
  custom:container-muxer-webm: aa71ff27fc2769a1b78a27578f13a17b -> 
  custom:container-demuxer-webm: 4f35f7cbe854078d1ac9338744f61a02 -> 
  custom:container-demuxer-ogg: 62fdf1f143b41e24485cea50d1cbac27 -> 
  custom:video-encoder-webm-vp8: eb34c28f22e8b96e1ab97ce403110664 -> 
  custom:video-decoder-webm-vp8: 9c59270c3fd7afecdb556c50c9e8de78 -> 
  custom:audio-decoder-ogg-vorbis: bf7c407c2cedff20999df2af8eb42d56 -> 
  custom:audio-encoder-webm-vorbis: bf7c407c2cedff20999df2af8eb42d56 -> 
========================================================================
Received Import Request.
  Time since last request: 57.385183 seconds.
  path: Assets/Scenes/Explain.unity
  artifactKey: Guid(6e0d5a5c74c90db41b25798a7ced0163) Importer(815301076,1909f56bfc062723c751e8b465ee728b)
Start importing Assets/Scenes/Explain.unity using Guid(6e0d5a5c74c90db41b25798a7ced0163) Importer(815301076,1909f56bfc062723c751e8b465ee728b)  -> (artifact id: 'b377e0d50312439feec3f6eb5f4ecb64') in 0.034485 seconds 
  Import took 0.037876 seconds .

========================================================================
Received Prepare
Registering precompiled user dll's ...
Registered in 0.019039 seconds.
Begin MonoManager ReloadAssembly
Native extension for WindowsStandalone target not found
Refreshing native plugins compatible for Editor in 0.55 ms, found 3 plugins.
Preloading 0 native plugins for Editor in 0.00 ms.
Mono: successfully reloaded assembly
- Completed reload, in  0.983 seconds
Platform modules already initialized, skipping
Refreshing native plugins compatible for Editor in 0.50 ms, found 3 plugins.
Preloading 0 native plugins for Editor in 0.00 ms.
Unloading 2118 Unused Serialized files (Serialized files now loaded: 0)
System memory in use before: 97.9 MB.
System memory in use after: 97.9 MB.

Unloading 21 unused Assets to reduce memory usage. Loaded Objects now: 2584.
Total: 2.311200 ms (FindLiveObjects: 0.209200 ms CreateObjectMapping: 0.053700 ms MarkObjects: 1.922300 ms  DeleteObjects: 0.124800 ms)

AssetImportParameters requested are different than current active one (requested -> active):
  custom:framework-win-MediaFoundation: 216162199b28c13a410421893ffa2e32 -> 
  custom:video-decoder-ogg-theora: a1e56fd34408186e4bbccfd4996cb3dc -> 
  custom:container-muxer-webm: aa71ff27fc2769a1b78a27578f13a17b -> 
  custom:container-demuxer-webm: 4f35f7cbe854078d1ac9338744f61a02 -> 
  custom:container-demuxer-ogg: 62fdf1f143b41e24485cea50d1cbac27 -> 
  custom:video-encoder-webm-vp8: eb34c28f22e8b96e1ab97ce403110664 -> 
  custom:video-decoder-webm-vp8: 9c59270c3fd7afecdb556c50c9e8de78 -> 
  custom:audio-decoder-ogg-vorbis: bf7c407c2cedff20999df2af8eb42d56 -> 
  custom:audio-encoder-webm-vorbis: bf7c407c2cedff20999df2af8eb42d56 -> 
========================================================================
Received Prepare
Registering precompiled user dll's ...
Registered in 0.005190 seconds.
Begin MonoManager ReloadAssembly
Native extension for WindowsStandalone target not found
Refreshing native plugins compatible for Editor in 0.53 ms, found 3 plugins.
Preloading 0 native plugins for Editor in 0.00 ms.
Mono: successfully reloaded assembly
- Completed reload, in  0.949 seconds
Platform modules already initialized, skipping
Refreshing native plugins compatible for Editor in 0.53 ms, found 3 plugins.
Preloading 0 native plugins for Editor in 0.00 ms.
Unloading 2118 Unused Serialized files (Serialized files now loaded: 0)
System memory in use before: 98.0 MB.
System memory in use after: 97.9 MB.

Unloading 21 unused Assets to reduce memory usage. Loaded Objects now: 2588.
Total: 2.202300 ms (FindLiveObjects: 0.232500 ms CreateObjectMapping: 0.055700 ms MarkObjects: 1.798500 ms  DeleteObjects: 0.114500 ms)

AssetImportParameters requested are different than current active one (requested -> active):
  custom:framework-win-MediaFoundation: 216162199b28c13a410421893ffa2e32 -> 
  custom:video-decoder-ogg-theora: a1e56fd34408186e4bbccfd4996cb3dc -> 
  custom:container-muxer-webm: aa71ff27fc2769a1b78a27578f13a17b -> 
  custom:container-demuxer-webm: 4f35f7cbe854078d1ac9338744f61a02 -> 
  custom:container-demuxer-ogg: 62fdf1f143b41e24485cea50d1cbac27 -> 
  custom:video-encoder-webm-vp8: eb34c28f22e8b96e1ab97ce403110664 -> 
  custom:video-decoder-webm-vp8: 9c59270c3fd7afecdb556c50c9e8de78 -> 
  custom:audio-decoder-ogg-vorbis: bf7c407c2cedff20999df2af8eb42d56 -> 
  custom:audio-encoder-webm-vorbis: bf7c407c2cedff20999df2af8eb42d56 -> 
========================================================================
Received Prepare
Registering precompiled user dll's ...
Registered in 0.022573 seconds.
Begin MonoManager ReloadAssembly
Native extension for WindowsStandalone target not found
Refreshing native plugins compatible for Editor in 0.51 ms, found 3 plugins.
Preloading 0 native plugins for Editor in 0.00 ms.
Mono: successfully reloaded assembly
- Completed reload, in  0.961 seconds
Platform modules already initialized, skipping
Refreshing native plugins compatible for Editor in 0.52 ms, found 3 plugins.
Preloading 0 native plugins for Editor in 0.00 ms.
Unloading 2118 Unused Serialized files (Serialized files now loaded: 0)
System memory in use before: 98.0 MB.
System memory in use after: 98.0 MB.

Unloading 21 unused Assets to reduce memory usage. Loaded Objects now: 2592.
Total: 2.364900 ms (FindLiveObjects: 0.219000 ms CreateObjectMapping: 0.054100 ms MarkObjects: 1.959200 ms  DeleteObjects: 0.131600 ms)

AssetImportParameters requested are different than current active one (requested -> active):
  custom:framework-win-MediaFoundation: 216162199b28c13a410421893ffa2e32 -> 
  custom:video-decoder-ogg-theora: a1e56fd34408186e4bbccfd4996cb3dc -> 
  custom:container-muxer-webm: aa71ff27fc2769a1b78a27578f13a17b -> 
  custom:container-demuxer-webm: 4f35f7cbe854078d1ac9338744f61a02 -> 
  custom:container-demuxer-ogg: 62fdf1f143b41e24485cea50d1cbac27 -> 
  custom:video-encoder-webm-vp8: eb34c28f22e8b96e1ab97ce403110664 -> 
  custom:video-decoder-webm-vp8: 9c59270c3fd7afecdb556c50c9e8de78 -> 
  custom:audio-decoder-ogg-vorbis: bf7c407c2cedff20999df2af8eb42d56 -> 
  custom:audio-encoder-webm-vorbis: bf7c407c2cedff20999df2af8eb42d56 -> 
========================================================================
Received Prepare
Refreshing native plugins compatible for Editor in 4.69 ms, found 3 plugins.
Preloading 0 native plugins for Editor in 0.00 ms.
Unloading 19 Unused Serialized files (Serialized files now loaded: 0)
System memory in use before: 56.5 MB.
System memory in use after: 56.5 MB.

Unloading 19 unused Assets to reduce memory usage. Loaded Objects now: 2592.
Total: 2.412900 ms (FindLiveObjects: 0.224700 ms CreateObjectMapping: 0.054500 ms MarkObjects: 1.998100 ms  DeleteObjects: 0.134600 ms)

AssetImportParameters requested are different than current active one (requested -> active):
  custom:framework-win-MediaFoundation: 216162199b28c13a410421893ffa2e32 -> 
  custom:video-decoder-ogg-theora: a1e56fd34408186e4bbccfd4996cb3dc -> 
  custom:container-muxer-webm: aa71ff27fc2769a1b78a27578f13a17b -> 
  custom:container-demuxer-webm: 4f35f7cbe854078d1ac9338744f61a02 -> 
  custom:container-demuxer-ogg: 62fdf1f143b41e24485cea50d1cbac27 -> 
  custom:video-encoder-webm-vp8: eb34c28f22e8b96e1ab97ce403110664 -> 
  custom:video-decoder-webm-vp8: 9c59270c3fd7afecdb556c50c9e8de78 -> 
  custom:audio-decoder-ogg-vorbis: bf7c407c2cedff20999df2af8eb42d56 -> 
  custom:audio-encoder-webm-vorbis: bf7c407c2cedff20999df2af8eb42d56 -> 
AssetImportWorkerClient::OnTransportError - code=2 error=End of file
